24-04-2020 10:17:15.724 [main] INFO  c.c.CalculatorserviceApplication.logStartupProfileInfo - No active profile set, falling back to default profiles: default
24-04-2020 10:17:16.309 [main] WARN  o.s.boot.actuate.endpoint.EndpointId.logWarning - Endpoint ID 'service-registry' contains invalid characters, please migrate to a valid format.
24-04-2020 10:17:16.737 [main] WARN  c.n.c.sources.URLConfigurationSource.<init> - No URLs will be polled as dynamic configuration sources.
24-04-2020 10:17:17.297 [main] WARN  c.n.c.sources.URLConfigurationSource.<init> - No URLs will be polled as dynamic configuration sources.
24-04-2020 10:17:17.563 [main] WARN  o.s.c.l.c.BlockingLoadBalancerClientAutoConfiguration$BlockingLoadBalancerClientRibbonWarnLogger.logWarning - You already have RibbonLoadBalancerClient on your classpath. It will be used by default. As Spring Cloud Ribbon is in maintenance mode. We recommend switching to BlockingLoadBalancerClient instead. In order to use it, set the value of `spring.cloud.loadbalancer.ribbon.enabled` to `false` or remove spring-cloud-starter-netflix-ribbon from your project.
24-04-2020 10:17:17.865 [main] INFO  c.c.CalculatorserviceApplication.logStarted - Started CalculatorserviceApplication in 2.671 seconds (JVM running for 2.962)
24-04-2020 10:22:19.347 [main] INFO  c.c.CalculatorserviceApplication.logStartupProfileInfo - No active profile set, falling back to default profiles: default
24-04-2020 10:22:19.923 [main] WARN  o.s.boot.actuate.endpoint.EndpointId.logWarning - Endpoint ID 'service-registry' contains invalid characters, please migrate to a valid format.
24-04-2020 10:22:20.331 [main] WARN  c.n.c.sources.URLConfigurationSource.<init> - No URLs will be polled as dynamic configuration sources.
24-04-2020 10:22:20.927 [main] WARN  c.n.c.sources.URLConfigurationSource.<init> - No URLs will be polled as dynamic configuration sources.
24-04-2020 10:22:21.162 [main] WARN  o.s.c.l.c.BlockingLoadBalancerClientAutoConfiguration$BlockingLoadBalancerClientRibbonWarnLogger.logWarning - You already have RibbonLoadBalancerClient on your classpath. It will be used by default. As Spring Cloud Ribbon is in maintenance mode. We recommend switching to BlockingLoadBalancerClient instead. In order to use it, set the value of `spring.cloud.loadbalancer.ribbon.enabled` to `false` or remove spring-cloud-starter-netflix-ribbon from your project.
24-04-2020 10:22:21.394 [main] INFO  c.c.CalculatorserviceApplication.logStarted - Started CalculatorserviceApplication in 2.592 seconds (JVM running for 2.908)
24-04-2020 10:23:03.862 [http-nio-9090-exec-7] ERROR c.c.c.MultiplicationController.calculateMultiply - request received to multiply
24-04-2020 10:23:38.407 [main] INFO  c.c.CalculatorserviceApplication.logStartupProfileInfo - No active profile set, falling back to default profiles: default
24-04-2020 10:23:38.982 [main] WARN  o.s.boot.actuate.endpoint.EndpointId.logWarning - Endpoint ID 'service-registry' contains invalid characters, please migrate to a valid format.
24-04-2020 10:23:39.403 [main] WARN  c.n.c.sources.URLConfigurationSource.<init> - No URLs will be polled as dynamic configuration sources.
24-04-2020 10:23:39.956 [main] WARN  c.n.c.sources.URLConfigurationSource.<init> - No URLs will be polled as dynamic configuration sources.
24-04-2020 10:23:40.229 [main] WARN  o.s.c.l.c.BlockingLoadBalancerClientAutoConfiguration$BlockingLoadBalancerClientRibbonWarnLogger.logWarning - You already have RibbonLoadBalancerClient on your classpath. It will be used by default. As Spring Cloud Ribbon is in maintenance mode. We recommend switching to BlockingLoadBalancerClient instead. In order to use it, set the value of `spring.cloud.loadbalancer.ribbon.enabled` to `false` or remove spring-cloud-starter-netflix-ribbon from your project.
24-04-2020 10:23:40.500 [main] INFO  c.c.CalculatorserviceApplication.logStarted - Started CalculatorserviceApplication in 2.658 seconds (JVM running for 2.95)
24-04-2020 10:23:59.363 [http-nio-9090-exec-3] DEBUG c.c.c.MultiplicationController.calculateMultiply - request received to multiply. request RequestBean(operandOne=10.5, operandTwo=22.7)
24-04-2020 10:26:22.385 [main] INFO  c.c.CalculatorserviceApplicationTests.logStartupProfileInfo - No active profile set, falling back to default profiles: default
24-04-2020 10:26:23.330 [main] WARN  o.s.boot.actuate.endpoint.EndpointId.logWarning - Endpoint ID 'service-registry' contains invalid characters, please migrate to a valid format.
24-04-2020 10:26:24.145 [main] WARN  c.n.c.sources.URLConfigurationSource.<init> - No URLs will be polled as dynamic configuration sources.
24-04-2020 10:26:25.068 [main] WARN  c.n.c.sources.URLConfigurationSource.<init> - No URLs will be polled as dynamic configuration sources.
24-04-2020 10:26:25.853 [main] WARN  o.s.c.l.c.BlockingLoadBalancerClientAutoConfiguration$BlockingLoadBalancerClientRibbonWarnLogger.logWarning - You already have RibbonLoadBalancerClient on your classpath. It will be used by default. As Spring Cloud Ribbon is in maintenance mode. We recommend switching to BlockingLoadBalancerClient instead. In order to use it, set the value of `spring.cloud.loadbalancer.ribbon.enabled` to `false` or remove spring-cloud-starter-netflix-ribbon from your project.
24-04-2020 10:26:26.457 [main] INFO  c.c.CalculatorserviceApplicationTests.logStarted - Started CalculatorserviceApplicationTests in 4.76 seconds (JVM running for 5.678)
24-04-2020 10:30:05.420 [main] INFO  c.c.CalculatorserviceApplicationTests.logStartupProfileInfo - No active profile set, falling back to default profiles: default
24-04-2020 10:30:06.332 [main] WARN  o.s.boot.actuate.endpoint.EndpointId.logWarning - Endpoint ID 'service-registry' contains invalid characters, please migrate to a valid format.
24-04-2020 10:30:07.228 [main] WARN  c.n.c.sources.URLConfigurationSource.<init> - No URLs will be polled as dynamic configuration sources.
24-04-2020 10:30:08.164 [main] WARN  c.n.c.sources.URLConfigurationSource.<init> - No URLs will be polled as dynamic configuration sources.
24-04-2020 10:30:08.959 [main] WARN  o.s.c.l.c.BlockingLoadBalancerClientAutoConfiguration$BlockingLoadBalancerClientRibbonWarnLogger.logWarning - You already have RibbonLoadBalancerClient on your classpath. It will be used by default. As Spring Cloud Ribbon is in maintenance mode. We recommend switching to BlockingLoadBalancerClient instead. In order to use it, set the value of `spring.cloud.loadbalancer.ribbon.enabled` to `false` or remove spring-cloud-starter-netflix-ribbon from your project.
24-04-2020 10:30:09.290 [main] INFO  c.c.CalculatorserviceApplicationTests.logStarted - Started CalculatorserviceApplicationTests in 4.652 seconds (JVM running for 5.583)
24-04-2020 10:33:32.557 [main] INFO  c.c.CalculatorserviceApplication.logStartupProfileInfo - No active profile set, falling back to default profiles: default
24-04-2020 10:33:33.169 [main] WARN  o.s.boot.actuate.endpoint.EndpointId.logWarning - Endpoint ID 'service-registry' contains invalid characters, please migrate to a valid format.
24-04-2020 10:33:33.594 [main] WARN  c.n.c.sources.URLConfigurationSource.<init> - No URLs will be polled as dynamic configuration sources.
24-04-2020 10:33:34.210 [main] WARN  c.n.c.sources.URLConfigurationSource.<init> - No URLs will be polled as dynamic configuration sources.
24-04-2020 10:33:34.456 [main] WARN  o.s.c.l.c.BlockingLoadBalancerClientAutoConfiguration$BlockingLoadBalancerClientRibbonWarnLogger.logWarning - You already have RibbonLoadBalancerClient on your classpath. It will be used by default. As Spring Cloud Ribbon is in maintenance mode. We recommend switching to BlockingLoadBalancerClient instead. In order to use it, set the value of `spring.cloud.loadbalancer.ribbon.enabled` to `false` or remove spring-cloud-starter-netflix-ribbon from your project.
24-04-2020 10:33:34.746 [main] INFO  c.c.CalculatorserviceApplication.logStarted - Started CalculatorserviceApplication in 2.731 seconds (JVM running for 3.032)
24-04-2020 10:33:48.204 [main] INFO  c.c.CalculatorserviceApplication.logStartupProfileInfo - No active profile set, falling back to default profiles: default
24-04-2020 10:33:48.789 [main] WARN  o.s.boot.actuate.endpoint.EndpointId.logWarning - Endpoint ID 'service-registry' contains invalid characters, please migrate to a valid format.
24-04-2020 10:33:49.190 [main] WARN  c.n.c.sources.URLConfigurationSource.<init> - No URLs will be polled as dynamic configuration sources.
24-04-2020 10:33:49.755 [main] WARN  c.n.c.sources.URLConfigurationSource.<init> - No URLs will be polled as dynamic configuration sources.
24-04-2020 10:33:50.029 [main] WARN  o.s.c.l.c.BlockingLoadBalancerClientAutoConfiguration$BlockingLoadBalancerClientRibbonWarnLogger.logWarning - You already have RibbonLoadBalancerClient on your classpath. It will be used by default. As Spring Cloud Ribbon is in maintenance mode. We recommend switching to BlockingLoadBalancerClient instead. In order to use it, set the value of `spring.cloud.loadbalancer.ribbon.enabled` to `false` or remove spring-cloud-starter-netflix-ribbon from your project.
24-04-2020 10:33:50.311 [main] INFO  c.c.CalculatorserviceApplication.logStarted - Started CalculatorserviceApplication in 2.711 seconds (JVM running for 3.044)
24-04-2020 10:36:49.495 [http-nio-9090-exec-9] DEBUG c.c.c.MultiplicationController.calculateMultiply - request received to multiply. request RequestBean(operandOne=10.5, operandTwo=22.7)
24-04-2020 11:03:07.551 [main] INFO  c.calculator.CalculationServiceTest.logStartupProfileInfo - No active profile set, falling back to default profiles: default
24-04-2020 11:03:08.511 [main] WARN  o.s.boot.actuate.endpoint.EndpointId.logWarning - Endpoint ID 'service-registry' contains invalid characters, please migrate to a valid format.
24-04-2020 11:03:09.268 [main] WARN  c.n.c.sources.URLConfigurationSource.<init> - No URLs will be polled as dynamic configuration sources.
24-04-2020 11:03:10.281 [main] WARN  c.n.c.sources.URLConfigurationSource.<init> - No URLs will be polled as dynamic configuration sources.
24-04-2020 11:03:11.028 [main] WARN  o.s.c.l.c.BlockingLoadBalancerClientAutoConfiguration$BlockingLoadBalancerClientRibbonWarnLogger.logWarning - You already have RibbonLoadBalancerClient on your classpath. It will be used by default. As Spring Cloud Ribbon is in maintenance mode. We recommend switching to BlockingLoadBalancerClient instead. In order to use it, set the value of `spring.cloud.loadbalancer.ribbon.enabled` to `false` or remove spring-cloud-starter-netflix-ribbon from your project.
24-04-2020 11:03:11.370 [main] INFO  c.calculator.CalculationServiceTest.logStarted - Started CalculationServiceTest in 4.555 seconds (JVM running for 5.756)
24-04-2020 11:03:32.853 [main] INFO  c.calculator.CalculationServiceTest.logStartupProfileInfo - No active profile set, falling back to default profiles: default
24-04-2020 11:03:33.838 [main] WARN  o.s.boot.actuate.endpoint.EndpointId.logWarning - Endpoint ID 'service-registry' contains invalid characters, please migrate to a valid format.
24-04-2020 11:03:34.656 [main] WARN  c.n.c.sources.URLConfigurationSource.<init> - No URLs will be polled as dynamic configuration sources.
24-04-2020 11:03:35.672 [main] WARN  c.n.c.sources.URLConfigurationSource.<init> - No URLs will be polled as dynamic configuration sources.
24-04-2020 11:03:36.637 [main] WARN  o.s.c.l.c.BlockingLoadBalancerClientAutoConfiguration$BlockingLoadBalancerClientRibbonWarnLogger.logWarning - You already have RibbonLoadBalancerClient on your classpath. It will be used by default. As Spring Cloud Ribbon is in maintenance mode. We recommend switching to BlockingLoadBalancerClient instead. In order to use it, set the value of `spring.cloud.loadbalancer.ribbon.enabled` to `false` or remove spring-cloud-starter-netflix-ribbon from your project.
24-04-2020 11:03:37.042 [main] INFO  c.calculator.CalculationServiceTest.logStarted - Started CalculationServiceTest in 4.93 seconds (JVM running for 6.055)
24-04-2020 11:04:21.809 [main] INFO  c.calculator.CalculationServiceTest.logStartupProfileInfo - No active profile set, falling back to default profiles: default
24-04-2020 11:04:22.818 [main] WARN  o.s.boot.actuate.endpoint.EndpointId.logWarning - Endpoint ID 'service-registry' contains invalid characters, please migrate to a valid format.
24-04-2020 11:04:23.588 [main] WARN  c.n.c.sources.URLConfigurationSource.<init> - No URLs will be polled as dynamic configuration sources.
24-04-2020 11:04:24.483 [main] WARN  c.n.c.sources.URLConfigurationSource.<init> - No URLs will be polled as dynamic configuration sources.
24-04-2020 11:04:25.264 [main] WARN  o.s.c.l.c.BlockingLoadBalancerClientAutoConfiguration$BlockingLoadBalancerClientRibbonWarnLogger.logWarning - You already have RibbonLoadBalancerClient on your classpath. It will be used by default. As Spring Cloud Ribbon is in maintenance mode. We recommend switching to BlockingLoadBalancerClient instead. In order to use it, set the value of `spring.cloud.loadbalancer.ribbon.enabled` to `false` or remove spring-cloud-starter-netflix-ribbon from your project.
24-04-2020 11:04:25.597 [main] INFO  c.calculator.CalculationServiceTest.logStarted - Started CalculationServiceTest in 4.467 seconds (JVM running for 5.55)
24-04-2020 11:04:48.253 [main] INFO  c.calculator.CalculationServiceTest.logStartupProfileInfo - No active profile set, falling back to default profiles: default
24-04-2020 11:04:49.286 [main] WARN  o.s.boot.actuate.endpoint.EndpointId.logWarning - Endpoint ID 'service-registry' contains invalid characters, please migrate to a valid format.
24-04-2020 11:04:50.060 [main] WARN  c.n.c.sources.URLConfigurationSource.<init> - No URLs will be polled as dynamic configuration sources.
24-04-2020 11:04:51.036 [main] WARN  c.n.c.sources.URLConfigurationSource.<init> - No URLs will be polled as dynamic configuration sources.
24-04-2020 11:04:51.887 [main] WARN  o.s.c.l.c.BlockingLoadBalancerClientAutoConfiguration$BlockingLoadBalancerClientRibbonWarnLogger.logWarning - You already have RibbonLoadBalancerClient on your classpath. It will be used by default. As Spring Cloud Ribbon is in maintenance mode. We recommend switching to BlockingLoadBalancerClient instead. In order to use it, set the value of `spring.cloud.loadbalancer.ribbon.enabled` to `false` or remove spring-cloud-starter-netflix-ribbon from your project.
24-04-2020 11:04:52.208 [main] INFO  c.calculator.CalculationServiceTest.logStarted - Started CalculationServiceTest in 4.764 seconds (JVM running for 5.852)
24-04-2020 11:06:15.906 [main] INFO  c.calculator.CalculationServiceTest.logStartupProfileInfo - No active profile set, falling back to default profiles: default
24-04-2020 11:06:16.866 [main] WARN  o.s.boot.actuate.endpoint.EndpointId.logWarning - Endpoint ID 'service-registry' contains invalid characters, please migrate to a valid format.
24-04-2020 11:06:17.638 [main] WARN  c.n.c.sources.URLConfigurationSource.<init> - No URLs will be polled as dynamic configuration sources.
24-04-2020 11:06:18.596 [main] WARN  c.n.c.sources.URLConfigurationSource.<init> - No URLs will be polled as dynamic configuration sources.
24-04-2020 11:06:19.334 [main] WARN  o.s.c.l.c.BlockingLoadBalancerClientAutoConfiguration$BlockingLoadBalancerClientRibbonWarnLogger.logWarning - You already have RibbonLoadBalancerClient on your classpath. It will be used by default. As Spring Cloud Ribbon is in maintenance mode. We recommend switching to BlockingLoadBalancerClient instead. In order to use it, set the value of `spring.cloud.loadbalancer.ribbon.enabled` to `false` or remove spring-cloud-starter-netflix-ribbon from your project.
24-04-2020 11:06:19.702 [main] INFO  c.calculator.CalculationServiceTest.logStarted - Started CalculationServiceTest in 4.571 seconds (JVM running for 5.651)
